<html>
<body>
<pre>
<h1>µVision Build Log</h1>
<h2>Tool Versions:</h2>
IDE-Version: ¦ÌVision V5.38.0.0
Copyright (C) 2022 ARM Ltd and ARM Germany GmbH. All rights reserved.
License Information: ZVJ myself, ZVJ, LIC=IC93N-YGDMT-GQJ0H-WPYZ7-83HT7-75MRH
 
Tool Versions:
Toolchain:       MDK-ARM Professional  Version: 5.31.0.0
Toolchain Path:  D:\Keil_v5\ARM\ARMCC\Bin
C Compiler:      Armcc.exe V5.06 update 6 (build 750)
Assembler:       Armasm.exe V5.06 update 6 (build 750)
Linker/Locator:  ArmLink.exe V5.06 update 6 (build 750)
Library Manager: ArmAr.exe V5.06 update 6 (build 750)
Hex Converter:   FromElf.exe V5.06 update 6 (build 750)
CPU DLL:         SARMCM3.DLL V5.31.0.0
Dialog DLL:      DCM.DLL V1.17.3.0
Target DLL:      UL2CM3.DLL V1.163.4.0
Dialog DLL:      TCM.DLL V1.46.0.0
 
<h2>Project:</h2>
C:\Users\ÕÔÞ±¼Î\Desktop\LDC1000STM32\LDC1000STM32\user\ldc1000.uvprojx
Project File Date:  04/29/2023

<h2>Output:</h2>
*** Using Compiler 'V5.06 update 6 (build 750)', folder: 'D:\Keil_v5\ARM\ARMCC\Bin'
Rebuild target 'Target 1'
assembling startup_stm32f10x_hd.s...
compiling core_cm3.c...
compiling system_stm32f10x.c...
compiling misc.c...
compiling stm32f10x_bkp.c...
compiling stm32f10x_adc.c...
compiling stm32f10x_cec.c...
compiling stm32f10x_can.c...
compiling stm32f10x_crc.c...
compiling stm32f10x_dac.c...
compiling stm32f10x_dbgmcu.c...
compiling stm32f10x_exti.c...
compiling stm32f10x_dma.c...
compiling stm32f10x_fsmc.c...
compiling stm32f10x_gpio.c...
compiling stm32f10x_flash.c...
compiling stm32f10x_pwr.c...
compiling stm32f10x_iwdg.c...
compiling stm32f10x_i2c.c...
compiling stm32f10x_rcc.c...
compiling stm32f10x_rtc.c...
compiling stm32f10x_spi.c...
compiling stm32f10x_sdio.c...
compiling stm32f10x_wwdg.c...
compiling main.c...
main.c(27): error:  #7: unrecognized token
      ````
main.c(27): error:  #29: expected an expression
      ````
main.c(27): error:  #7: unrecognized token
      ````
main.c(27): error:  #7: unrecognized token
      ````
main.c(27): error:  #7: unrecognized token
      ````
main.c(47): error:  #169: expected a declaration
  }
main.c: 0 warnings, 6 errors
compiling stm32f10x_it.c...
compiling stm32f10x_usart.c...
compiling usart.c...
compiling ldc1000.c...
ldc1000.c(13): warning:  #177-D: function "LDC_Delay_1ms"  was declared but never referenced
  static void LDC_Delay_1ms(u32 time)
ldc1000.c: 1 warning, 0 errors
compiling stm32f10x_tim.c...
compiling delay.c...
compiling QDTFT_demo.c...
compiling GUI.c...
compiling Lcd_Driver.c...
"..\obj\´®¿Ú.axf" - 6 Error(s), 1 Warning(s).

<h2>Software Packages used:</h2>

Package Vendor: Keil
                http://www.keil.com/pack/Keil.STM32F1xx_DFP.2.1.0.pack
                Keil.STM32F1xx_DFP.2.1.0
                STMicroelectronics STM32F1 Series Device Support, Drivers and Examples

<h2>Collection of Component include folders:</h2>
  C:/Users/ÕÔÞ±¼Î/AppData/Local/Arm/Packs/Keil/STM32F1xx_DFP/2.1.0/Device/Include

<h2>Collection of Component Files used:</h2>
Target not created.
Build Time Elapsed:  00:00:03
</pre>
</body>
</html>
